17:02:47: Creating resource group General
17:02:47: Creating resource group Internal
17:02:47: Creating resource group Autodetect
17:02:47: Registering ResourceManager for type Mesh
17:02:47: Registering ResourceManager for type Material
17:02:47: Registering ResourceManager for type Skeleton
17:02:48: XMLMeshSerializer reading mesh data from Cube.002.mesh.xml...
17:02:48: Reading geometry...
17:02:48: Geometry done...
17:02:48: Reading submeshes...
17:02:48: Submeshes done.
17:02:48: Reading mesh names...
17:02:48: Mesh names done.
17:02:48: XMLMeshSerializer import successful.
17:02:48: Reorganising vertex buffers to automatic layout...
17:02:48: MeshSerializer writing mesh data to stream ...
17:02:48: File header written.
17:02:48: Writing mesh data...
17:02:48: Writing submesh...
17:02:48: Exporting submesh texture aliases...
17:02:48: Submesh texture aliases exported.
17:02:48: Submesh exported.
17:02:48: Exporting bounds information....
17:02:48: Bounds information exported.
17:02:48: Exporting submesh name table...
17:02:48: Submesh name table exported.
17:02:48: Exporting edge lists...
17:02:48: Edge lists exported
17:02:48: Mesh data exported.
17:02:48: MeshSerializer export successful.
17:02:48: Unregistering ResourceManager for type Skeleton
17:02:48: Unregistering ResourceManager for type Material
17:02:48: Unregistering ResourceManager for type Mesh
